c:\users\erez1\desktop\visualstudio-workspace\c- afeka\system programming\hw3\hw3\x64\debug\vc143.pdb
c:\users\erez1\desktop\visualstudio-workspace\c- afeka\system programming\hw3\hw3\x64\debug\vc143.idb
c:\users\erez1\desktop\visualstudio-workspace\c- afeka\system programming\hw3\hw3\x64\debug\plane.obj
c:\users\erez1\desktop\visualstudio-workspace\c- afeka\system programming\hw3\hw3\x64\debug\main.obj
c:\users\erez1\desktop\visualstudio-workspace\c- afeka\system programming\hw3\hw3\x64\debug\list.obj
c:\users\erez1\desktop\visualstudio-workspace\c- afeka\system programming\hw3\hw3\x64\debug\general.obj
c:\users\erez1\desktop\visualstudio-workspace\c- afeka\system programming\hw3\hw3\x64\debug\flight.obj
c:\users\erez1\desktop\visualstudio-workspace\c- afeka\system programming\hw3\hw3\x64\debug\date.obj
c:\users\erez1\desktop\visualstudio-workspace\c- afeka\system programming\hw3\hw3\x64\debug\airportmanager.obj
c:\users\erez1\desktop\visualstudio-workspace\c- afeka\system programming\hw3\hw3\x64\debug\airport.obj
c:\users\erez1\desktop\visualstudio-workspace\c- afeka\system programming\hw3\hw3\x64\debug\airline.obj
c:\users\erez1\desktop\visualstudio-workspace\c- afeka\system programming\hw3\hw3\x64\debug\hw3.pdb
c:\users\erez1\desktop\visualstudio-workspace\c- afeka\system programming\hw3\hw3\x64\debug\hw3.tlog\cl.command.1.tlog
c:\users\erez1\desktop\visualstudio-workspace\c- afeka\system programming\hw3\hw3\x64\debug\hw3.tlog\cl.read.1.tlog
c:\users\erez1\desktop\visualstudio-workspace\c- afeka\system programming\hw3\hw3\x64\debug\hw3.tlog\cl.write.1.tlog
c:\users\erez1\desktop\visualstudio-workspace\c- afeka\system programming\hw3\hw3\x64\debug\hw3.tlog\link-cvtres.read.1.tlog
c:\users\erez1\desktop\visualstudio-workspace\c- afeka\system programming\hw3\hw3\x64\debug\hw3.tlog\link-cvtres.write.1.tlog
c:\users\erez1\desktop\visualstudio-workspace\c- afeka\system programming\hw3\hw3\x64\debug\hw3.tlog\link-rc.read.1.tlog
c:\users\erez1\desktop\visualstudio-workspace\c- afeka\system programming\hw3\hw3\x64\debug\hw3.tlog\link-rc.write.1.tlog
c:\users\erez1\desktop\visualstudio-workspace\c- afeka\system programming\hw3\hw3\x64\debug\hw3.tlog\link.command.1.tlog
c:\users\erez1\desktop\visualstudio-workspace\c- afeka\system programming\hw3\hw3\x64\debug\hw3.tlog\link.read.1.tlog
c:\users\erez1\desktop\visualstudio-workspace\c- afeka\system programming\hw3\hw3\x64\debug\hw3.tlog\link.read.2.tlog
c:\users\erez1\desktop\visualstudio-workspace\c- afeka\system programming\hw3\hw3\x64\debug\hw3.tlog\link.read.3.tlog
c:\users\erez1\desktop\visualstudio-workspace\c- afeka\system programming\hw3\hw3\x64\debug\hw3.tlog\link.write.1.tlog
